<?xml version="1.0" encoding="UTF-8"?>
<!-- Generated by org.testng.reporters.JUnitReportReporter -->
<testsuite hostname="DESKTOP-NIHAR" failures="0" tests="2" name="demo.TestNGMultiBrowserDemo" time="14.329" errors="0" timestamp="2020-06-16T13:49:45 IST" skipped="0">
  <testcase classname="demo.TestNGMultiBrowserDemo" name="test1" time="7.600"/>
  <system-out/>
  <testcase classname="demo.TestNGMultiBrowserDemo" name="test1" time="6.729"/>
  <system-out/>
</testsuite> <!-- demo.TestNGMultiBrowserDemo -->
