<?xml version="1.0" encoding="UTF-8"?>
<!-- Generated by org.testng.reporters.JUnitReportReporter -->
<testsuite hostname="DESKTOP-NIHAR" failures="0" tests="3" name="demo.TestNGPriorityDemo" time="0.032" errors="0" timestamp="2020-06-16T13:26:57 IST" skipped="0">
  <testcase classname="demo.TestNGPriorityDemo" name="one" time="0.027"/>
  <system-out/>
  <testcase classname="demo.TestNGPriorityDemo" name="three" time="0.002"/>
  <system-out/>
  <testcase classname="demo.TestNGPriorityDemo" name="two" time="0.003"/>
  <system-out/>
</testsuite> <!-- demo.TestNGPriorityDemo -->
