<?xml version="1.0" encoding="UTF-8"?>
<!-- Generated by org.testng.reporters.JUnitReportReporter -->
<testsuite hostname="DESKTOP-NIHAR" failures="0" tests="3" name="utils.ExcelDataProvider" time="18.460" errors="0" timestamp="2020-06-15T17:20:23 IST" skipped="0">
  <testcase classname="utils.ExcelDataProvider" name="tet1" time="5.062"/>
  <system-out/>
  <testcase classname="utils.ExcelDataProvider" name="tet1" time="5.098"/>
  <system-out/>
  <testcase classname="utils.ExcelDataProvider" name="tet1" time="8.300"/>
  <system-out/>
</testsuite> <!-- utils.ExcelDataProvider -->
