<?xml version="1.0" encoding="UTF-8"?>
<!-- Generated by org.testng.reporters.JUnitReportReporter -->
<testsuite hostname="DESKTOP-NIHAR" failures="0" tests="1" name="demo.Test1" time="11.751" errors="0" timestamp="2020-06-17T11:48:44 IST" skipped="0">
  <testcase classname="demo.Test1" name="test1" time="11.751"/>
  <system-out/>
</testsuite> <!-- demo.Test1 -->
