<?xml version="1.0" encoding="UTF-8"?>
<!-- Generated by org.testng.reporters.JUnitReportReporter -->
<testsuite hostname="DESKTOP-NIHAR" failures="0" tests="4" name="demo.TestNgGroupsDemo" time="0.011" errors="0" timestamp="2020-06-16T15:51:59 IST" skipped="0">
  <testcase classname="demo.TestNgGroupsDemo" name="test2" time="0.004"/>
  <system-out/>
  <testcase classname="demo.TestNgGroupsDemo" name="test3" time="0.002"/>
  <system-out/>
  <testcase classname="demo.TestNgGroupsDemo" name="test4" time="0.003"/>
  <system-out/>
  <testcase classname="demo.TestNgGroupsDemo" name="test1" time="0.002"/>
  <system-out/>
</testsuite> <!-- demo.TestNgGroupsDemo -->
