<?xml version="1.0" encoding="UTF-8"?>
<!-- Generated by org.testng.reporters.JUnitReportReporter -->
<testsuite hostname="DESKTOP-NIHAR" failures="0" tests="2" name="test.ExtentReportsDemoWithTestNG" time="4.686" errors="0" timestamp="2020-06-13T13:30:15 IST" skipped="0">
  <testcase classname="test.ExtentReportsDemoWithTestNG" name="test1" time="4.684"/>
  <system-out/>
  <testcase classname="test.ExtentReportsDemoWithTestNG" name="test2" time="0.002"/>
  <system-out/>
</testsuite> <!-- test.ExtentReportsDemoWithTestNG -->
