<?xml version="1.0" encoding="UTF-8"?>
<!-- Generated by org.testng.reporters.JUnitReportReporter -->
<testsuite hostname="DESKTOP-NIHAR" failures="0" tests="1" name="test.TestNG_Demo2" time="8.871" errors="0" timestamp="2020-06-15T09:43:24 IST" skipped="0">
  <testcase classname="test.TestNG_Demo2" name="googleSearch3" time="8.871"/>
  <system-out/>
</testsuite> <!-- test.TestNG_Demo2 -->
