<?xml version="1.0" encoding="UTF-8"?>
<!-- Generated by org.testng.reporters.JUnitReportReporter -->
<testsuite hostname="DESKTOP-NIHAR" failures="0" tests="1" name="test.TestNG_Demo" time="3.999" errors="0" timestamp="2020-06-15T14:50:10 IST" skipped="0">
  <testcase classname="test.TestNG_Demo" name="googleSearch" time="3.999"/>
  <system-out/>
</testsuite> <!-- test.TestNG_Demo -->
