<?xml version="1.0" encoding="UTF-8"?>
<!-- Generated by org.testng.reporters.JUnitReportReporter -->
<testsuite hostname="DESKTOP-NIHAR" failures="0" tests="3" name="demo.TestNGDependencyDemo" time="0.013" errors="0" timestamp="2020-06-16T15:56:10 IST" skipped="0">
  <testcase classname="demo.TestNGDependencyDemo" name="test3" time="0.001"/>
  <system-out/>
  <testcase classname="demo.TestNGDependencyDemo" name="test1" time="0.002"/>
  <system-out/>
  <testcase classname="demo.TestNGDependencyDemo" name="test2" time="0.010"/>
  <system-out/>
</testsuite> <!-- demo.TestNGDependencyDemo -->
