<?xml version="1.0" encoding="UTF-8"?>
<!-- Generated by org.testng.reporters.JUnitReportReporter -->
<testsuite hostname="DESKTOP-NIHAR" failures="0" tests="1" name="demo.TestNGParametersDemo" time="0.009" errors="0" timestamp="2020-06-16T15:33:01 IST" skipped="0">
  <testcase classname="demo.TestNGParametersDemo" name="test" time="0.009"/>
  <system-out/>
</testsuite> <!-- demo.TestNGParametersDemo -->
